2013.03.20 16:33:31.662 CDT INFO: *** SYSTEM START ***
2013.03.20 16:33:32.538 CDT WARNING: [Local Folder Repository] The specified file must be a directory. (/Users/m029451/git/lexevs/lbAdmin/plugins/edu.stanford.smi.protegex.owl) -- LocalFolderRepository.update()
2013.03.20 16:33:32.639 CDT INFO: Loading triples for: file:/Volumes/bmidata1/ontologies/nci/Thesaurus/ThesaurusInf-120130-12.01f.owl-forProduction.owl-fixedNS.owl-byCode.owl -- ProtegeOWLParser.loadTriples()
2013.03.20 16:33:34.303 CDT INFO:     Loaded 10000 triples 461 -- ProtegeOWLParser$ProtegeOWLStatementHandler.printTriplesLoadLogMessage()
2013.03.20 16:33:35.049 CDT INFO:     Loaded 20000 triples 1019 -- ProtegeOWLParser$ProtegeOWLStatementHandler.printTriplesLoadLogMessage()
2013.03.20 16:33:35.357 CDT INFO:     Loaded 30000 triples 1378 -- ProtegeOWLParser$ProtegeOWLStatementHandler.printTriplesLoadLogMessage()
2013.03.20 16:33:35.996 CDT INFO:     Loaded 40000 triples 1862 -- ProtegeOWLParser$ProtegeOWLStatementHandler.printTriplesLoadLogMessage()
2013.03.20 16:33:36.230 CDT INFO:     Loaded 50000 triples 2176 -- ProtegeOWLParser$ProtegeOWLStatementHandler.printTriplesLoadLogMessage()
2013.03.20 16:33:36.471 CDT INFO:     Loaded 60000 triples 2444 -- ProtegeOWLParser$ProtegeOWLStatementHandler.printTriplesLoadLogMessage()
2013.03.20 16:33:37.145 CDT INFO:     Loaded 70000 triples 2719 -- ProtegeOWLParser$ProtegeOWLStatementHandler.printTriplesLoadLogMessage()
2013.03.20 16:33:37.344 CDT INFO:     Loaded 80000 triples 2983 -- ProtegeOWLParser$ProtegeOWLStatementHandler.printTriplesLoadLogMessage()
2013.03.20 16:33:37.542 CDT INFO:     Loaded 90000 triples 3326 -- ProtegeOWLParser$ProtegeOWLStatementHandler.printTriplesLoadLogMessage()
2013.03.20 16:33:37.742 CDT INFO:     Loaded 100000 triples 3559 -- ProtegeOWLParser$ProtegeOWLStatementHandler.printTriplesLoadLogMessage()
2013.03.20 16:33:38.328 CDT INFO:     Loaded 110000 triples 3752 -- ProtegeOWLParser$ProtegeOWLStatementHandler.printTriplesLoadLogMessage()
2013.03.20 16:33:38.510 CDT INFO:     Loaded 120000 triples 3885 -- ProtegeOWLParser$ProtegeOWLStatementHandler.printTriplesLoadLogMessage()
2013.03.20 16:33:38.708 CDT INFO:     Loaded 130000 triples 4004 -- ProtegeOWLParser$ProtegeOWLStatementHandler.printTriplesLoadLogMessage()
2013.03.20 16:33:39.346 CDT INFO:     Loaded 140000 triples 4229 -- ProtegeOWLParser$ProtegeOWLStatementHandler.printTriplesLoadLogMessage()
2013.03.20 16:33:39.548 CDT INFO:     Loaded 150000 triples 4291 -- ProtegeOWLParser$ProtegeOWLStatementHandler.printTriplesLoadLogMessage()
2013.03.20 16:33:40.143 CDT INFO:     Loaded 160000 triples 4404 -- ProtegeOWLParser$ProtegeOWLStatementHandler.printTriplesLoadLogMessage()
2013.03.20 16:33:40.350 CDT INFO:     Loaded 170000 triples 4511 -- ProtegeOWLParser$ProtegeOWLStatementHandler.printTriplesLoadLogMessage()
2013.03.20 16:33:40.543 CDT INFO:     Loaded 180000 triples 4702 -- ProtegeOWLParser$ProtegeOWLStatementHandler.printTriplesLoadLogMessage()
2013.03.20 16:33:41.181 CDT INFO:     Loaded 190000 triples 4898 -- ProtegeOWLParser$ProtegeOWLStatementHandler.printTriplesLoadLogMessage()
2013.03.20 16:33:41.378 CDT INFO:     Loaded 200000 triples 5078 -- ProtegeOWLParser$ProtegeOWLStatementHandler.printTriplesLoadLogMessage()
2013.03.20 16:33:41.568 CDT INFO:     Loaded 210000 triples 5183 -- ProtegeOWLParser$ProtegeOWLStatementHandler.printTriplesLoadLogMessage()
2013.03.20 16:33:42.148 CDT INFO:     Loaded 220000 triples 5302 -- ProtegeOWLParser$ProtegeOWLStatementHandler.printTriplesLoadLogMessage()
2013.03.20 16:33:42.337 CDT INFO:     Loaded 230000 triples 5460 -- ProtegeOWLParser$ProtegeOWLStatementHandler.printTriplesLoadLogMessage()
2013.03.20 16:33:42.539 CDT INFO:     Loaded 240000 triples 5571 -- ProtegeOWLParser$ProtegeOWLStatementHandler.printTriplesLoadLogMessage()
2013.03.20 16:33:42.755 CDT INFO:     Loaded 250000 triples 5704 -- ProtegeOWLParser$ProtegeOWLStatementHandler.printTriplesLoadLogMessage()
2013.03.20 16:33:43.402 CDT INFO:     Loaded 260000 triples 5827 -- ProtegeOWLParser$ProtegeOWLStatementHandler.printTriplesLoadLogMessage()
2013.03.20 16:33:43.603 CDT INFO:     Loaded 270000 triples 5882 -- ProtegeOWLParser$ProtegeOWLStatementHandler.printTriplesLoadLogMessage()
2013.03.20 16:33:43.789 CDT INFO:     Loaded 280000 triples 5945 -- ProtegeOWLParser$ProtegeOWLStatementHandler.printTriplesLoadLogMessage()
2013.03.20 16:33:44.372 CDT INFO:     Loaded 290000 triples 6034 -- ProtegeOWLParser$ProtegeOWLStatementHandler.printTriplesLoadLogMessage()
2013.03.20 16:33:44.566 CDT INFO:     Loaded 300000 triples 6113 -- ProtegeOWLParser$ProtegeOWLStatementHandler.printTriplesLoadLogMessage()
2013.03.20 16:33:44.768 CDT INFO:     Loaded 310000 triples 6247 -- ProtegeOWLParser$ProtegeOWLStatementHandler.printTriplesLoadLogMessage()
2013.03.20 16:33:45.376 CDT INFO:     Loaded 320000 triples 6386 -- ProtegeOWLParser$ProtegeOWLStatementHandler.printTriplesLoadLogMessage()
2013.03.20 16:33:45.597 CDT INFO:     Loaded 330000 triples 6412 -- ProtegeOWLParser$ProtegeOWLStatementHandler.printTriplesLoadLogMessage()
2013.03.20 16:33:45.795 CDT INFO:     Loaded 340000 triples 6563 -- ProtegeOWLParser$ProtegeOWLStatementHandler.printTriplesLoadLogMessage()
2013.03.20 16:33:46.378 CDT INFO:     Loaded 350000 triples 7023 -- ProtegeOWLParser$ProtegeOWLStatementHandler.printTriplesLoadLogMessage()
2013.03.20 16:33:46.585 CDT INFO:     Loaded 360000 triples 7450 -- ProtegeOWLParser$ProtegeOWLStatementHandler.printTriplesLoadLogMessage()
2013.03.20 16:33:47.245 CDT INFO:     Loaded 370000 triples 7555 -- ProtegeOWLParser$ProtegeOWLStatementHandler.printTriplesLoadLogMessage()
2013.03.20 16:33:47.456 CDT INFO:     Loaded 380000 triples 7568 -- ProtegeOWLParser$ProtegeOWLStatementHandler.printTriplesLoadLogMessage()
2013.03.20 16:33:48.056 CDT INFO:     Loaded 390000 triples 7571 -- ProtegeOWLParser$ProtegeOWLStatementHandler.printTriplesLoadLogMessage()
2013.03.20 16:33:48.241 CDT INFO:     Loaded 400000 triples 7661 -- ProtegeOWLParser$ProtegeOWLStatementHandler.printTriplesLoadLogMessage()
2013.03.20 16:33:48.826 CDT INFO:     Loaded 410000 triples 7721 -- ProtegeOWLParser$ProtegeOWLStatementHandler.printTriplesLoadLogMessage()
2013.03.20 16:33:49.033 CDT INFO:     Loaded 420000 triples 7807 -- ProtegeOWLParser$ProtegeOWLStatementHandler.printTriplesLoadLogMessage()
2013.03.20 16:33:49.249 CDT INFO:     Loaded 430000 triples 7829 -- ProtegeOWLParser$ProtegeOWLStatementHandler.printTriplesLoadLogMessage()
2013.03.20 16:33:49.843 CDT INFO:     Loaded 440000 triples 7843 -- ProtegeOWLParser$ProtegeOWLStatementHandler.printTriplesLoadLogMessage()
2013.03.20 16:33:50.057 CDT INFO:     Loaded 450000 triples 7822 -- ProtegeOWLParser$ProtegeOWLStatementHandler.printTriplesLoadLogMessage()
2013.03.20 16:33:50.249 CDT INFO:     Loaded 460000 triples 7851 -- ProtegeOWLParser$ProtegeOWLStatementHandler.printTriplesLoadLogMessage()
2013.03.20 16:33:50.828 CDT INFO:     Loaded 470000 triples 7849 -- ProtegeOWLParser$ProtegeOWLStatementHandler.printTriplesLoadLogMessage()
2013.03.20 16:33:51.027 CDT INFO:     Loaded 480000 triples 7892 -- ProtegeOWLParser$ProtegeOWLStatementHandler.printTriplesLoadLogMessage()
2013.03.20 16:33:51.212 CDT INFO:     Loaded 490000 triples 7909 -- ProtegeOWLParser$ProtegeOWLStatementHandler.printTriplesLoadLogMessage()
2013.03.20 16:33:51.406 CDT INFO:     Loaded 500000 triples 7959 -- ProtegeOWLParser$ProtegeOWLStatementHandler.printTriplesLoadLogMessage()
2013.03.20 16:33:51.990 CDT INFO:     Loaded 510000 triples 8021 -- ProtegeOWLParser$ProtegeOWLStatementHandler.printTriplesLoadLogMessage()
2013.03.20 16:33:52.190 CDT INFO:     Loaded 520000 triples 8055 -- ProtegeOWLParser$ProtegeOWLStatementHandler.printTriplesLoadLogMessage()
2013.03.20 16:33:52.380 CDT INFO:     Loaded 530000 triples 8115 -- ProtegeOWLParser$ProtegeOWLStatementHandler.printTriplesLoadLogMessage()
2013.03.20 16:33:53.016 CDT INFO:     Loaded 540000 triples 8167 -- ProtegeOWLParser$ProtegeOWLStatementHandler.printTriplesLoadLogMessage()
2013.03.20 16:33:53.198 CDT INFO:     Loaded 550000 triples 8220 -- ProtegeOWLParser$ProtegeOWLStatementHandler.printTriplesLoadLogMessage()
2013.03.20 16:33:53.391 CDT INFO:     Loaded 560000 triples 8204 -- ProtegeOWLParser$ProtegeOWLStatementHandler.printTriplesLoadLogMessage()
2013.03.20 16:33:53.972 CDT INFO:     Loaded 570000 triples 8253 -- ProtegeOWLParser$ProtegeOWLStatementHandler.printTriplesLoadLogMessage()
2013.03.20 16:33:54.178 CDT INFO:     Loaded 580000 triples 8284 -- ProtegeOWLParser$ProtegeOWLStatementHandler.printTriplesLoadLogMessage()
2013.03.20 16:33:54.378 CDT INFO:     Loaded 590000 triples 8288 -- ProtegeOWLParser$ProtegeOWLStatementHandler.printTriplesLoadLogMessage()
2013.03.20 16:33:54.966 CDT INFO:     Loaded 600000 triples 8307 -- ProtegeOWLParser$ProtegeOWLStatementHandler.printTriplesLoadLogMessage()
2013.03.20 16:33:55.164 CDT INFO:     Loaded 610000 triples 8325 -- ProtegeOWLParser$ProtegeOWLStatementHandler.printTriplesLoadLogMessage()
2013.03.20 16:33:55.381 CDT INFO:     Loaded 620000 triples 8332 -- ProtegeOWLParser$ProtegeOWLStatementHandler.printTriplesLoadLogMessage()
2013.03.20 16:33:56.033 CDT INFO:     Loaded 630000 triples 8420 -- ProtegeOWLParser$ProtegeOWLStatementHandler.printTriplesLoadLogMessage()
2013.03.20 16:33:56.237 CDT INFO:     Loaded 640000 triples 8488 -- ProtegeOWLParser$ProtegeOWLStatementHandler.printTriplesLoadLogMessage()
2013.03.20 16:33:56.432 CDT INFO:     Loaded 650000 triples 8531 -- ProtegeOWLParser$ProtegeOWLStatementHandler.printTriplesLoadLogMessage()
2013.03.20 16:33:57.150 CDT INFO:     Loaded 660000 triples 8560 -- ProtegeOWLParser$ProtegeOWLStatementHandler.printTriplesLoadLogMessage()
2013.03.20 16:33:57.359 CDT INFO:     Loaded 670000 triples 8548 -- ProtegeOWLParser$ProtegeOWLStatementHandler.printTriplesLoadLogMessage()
2013.03.20 16:33:57.576 CDT INFO:     Loaded 680000 triples 8554 -- ProtegeOWLParser$ProtegeOWLStatementHandler.printTriplesLoadLogMessage()
2013.03.20 16:33:58.184 CDT INFO:     Loaded 690000 triples 8569 -- ProtegeOWLParser$ProtegeOWLStatementHandler.printTriplesLoadLogMessage()
2013.03.20 16:33:58.388 CDT INFO:     Loaded 700000 triples 8567 -- ProtegeOWLParser$ProtegeOWLStatementHandler.printTriplesLoadLogMessage()
2013.03.20 16:33:58.589 CDT INFO:     Loaded 710000 triples 8618 -- ProtegeOWLParser$ProtegeOWLStatementHandler.printTriplesLoadLogMessage()
2013.03.20 16:33:59.175 CDT INFO:     Loaded 720000 triples 8678 -- ProtegeOWLParser$ProtegeOWLStatementHandler.printTriplesLoadLogMessage()
2013.03.20 16:33:59.381 CDT INFO:     Loaded 730000 triples 8747 -- ProtegeOWLParser$ProtegeOWLStatementHandler.printTriplesLoadLogMessage()
2013.03.20 16:33:59.969 CDT INFO:     Loaded 740000 triples 8762 -- ProtegeOWLParser$ProtegeOWLStatementHandler.printTriplesLoadLogMessage()
2013.03.20 16:34:00.176 CDT INFO:     Loaded 750000 triples 8742 -- ProtegeOWLParser$ProtegeOWLStatementHandler.printTriplesLoadLogMessage()
2013.03.20 16:34:00.375 CDT INFO:     Loaded 760000 triples 8704 -- ProtegeOWLParser$ProtegeOWLStatementHandler.printTriplesLoadLogMessage()
2013.03.20 16:34:00.993 CDT INFO:     Loaded 770000 triples 8699 -- ProtegeOWLParser$ProtegeOWLStatementHandler.printTriplesLoadLogMessage()
2013.03.20 16:34:01.185 CDT INFO:     Loaded 780000 triples 8675 -- ProtegeOWLParser$ProtegeOWLStatementHandler.printTriplesLoadLogMessage()
2013.03.20 16:34:01.399 CDT INFO:     Loaded 790000 triples 8679 -- ProtegeOWLParser$ProtegeOWLStatementHandler.printTriplesLoadLogMessage()
2013.03.20 16:34:01.980 CDT INFO:     Loaded 800000 triples 8682 -- ProtegeOWLParser$ProtegeOWLStatementHandler.printTriplesLoadLogMessage()
2013.03.20 16:34:02.187 CDT INFO:     Loaded 810000 triples 8682 -- ProtegeOWLParser$ProtegeOWLStatementHandler.printTriplesLoadLogMessage()
2013.03.20 16:34:02.398 CDT INFO:     Loaded 820000 triples 8766 -- ProtegeOWLParser$ProtegeOWLStatementHandler.printTriplesLoadLogMessage()
2013.03.20 16:34:02.602 CDT INFO:     Loaded 830000 triples 8810 -- ProtegeOWLParser$ProtegeOWLStatementHandler.printTriplesLoadLogMessage()
2013.03.20 16:34:03.205 CDT INFO:     Loaded 840000 triples 8798 -- ProtegeOWLParser$ProtegeOWLStatementHandler.printTriplesLoadLogMessage()
2013.03.20 16:34:03.411 CDT INFO:     Loaded 850000 triples 8771 -- ProtegeOWLParser$ProtegeOWLStatementHandler.printTriplesLoadLogMessage()
2013.03.20 16:34:03.608 CDT INFO:     Loaded 860000 triples 8761 -- ProtegeOWLParser$ProtegeOWLStatementHandler.printTriplesLoadLogMessage()
2013.03.20 16:34:04.199 CDT INFO:     Loaded 870000 triples 8751 -- ProtegeOWLParser$ProtegeOWLStatementHandler.printTriplesLoadLogMessage()
2013.03.20 16:34:04.395 CDT INFO:     Loaded 880000 triples 8789 -- ProtegeOWLParser$ProtegeOWLStatementHandler.printTriplesLoadLogMessage()
2013.03.20 16:34:04.615 CDT INFO:     Loaded 890000 triples 8910 -- ProtegeOWLParser$ProtegeOWLStatementHandler.printTriplesLoadLogMessage()
2013.03.20 16:34:05.546 CDT INFO:     Loaded 900000 triples 8850 -- ProtegeOWLParser$ProtegeOWLStatementHandler.printTriplesLoadLogMessage()
2013.03.20 16:34:05.757 CDT INFO:     Loaded 910000 triples 8841 -- ProtegeOWLParser$ProtegeOWLStatementHandler.printTriplesLoadLogMessage()
2013.03.20 16:34:05.975 CDT INFO:     Loaded 920000 triples 8751 -- ProtegeOWLParser$ProtegeOWLStatementHandler.printTriplesLoadLogMessage()
2013.03.20 16:34:06.618 CDT INFO:     Loaded 930000 triples 8702 -- ProtegeOWLParser$ProtegeOWLStatementHandler.printTriplesLoadLogMessage()
2013.03.20 16:34:06.819 CDT INFO:     Loaded 940000 triples 8679 -- ProtegeOWLParser$ProtegeOWLStatementHandler.printTriplesLoadLogMessage()
2013.03.20 16:34:07.009 CDT INFO:     Loaded 950000 triples 8680 -- ProtegeOWLParser$ProtegeOWLStatementHandler.printTriplesLoadLogMessage()
2013.03.20 16:34:07.656 CDT INFO:     Loaded 960000 triples 8673 -- ProtegeOWLParser$ProtegeOWLStatementHandler.printTriplesLoadLogMessage()
2013.03.20 16:34:07.854 CDT INFO:     Loaded 970000 triples 8718 -- ProtegeOWLParser$ProtegeOWLStatementHandler.printTriplesLoadLogMessage()
2013.03.20 16:34:08.072 CDT INFO:     Loaded 980000 triples 8715 -- ProtegeOWLParser$ProtegeOWLStatementHandler.printTriplesLoadLogMessage()
2013.03.20 16:34:08.700 CDT INFO:     Loaded 990000 triples 8672 -- ProtegeOWLParser$ProtegeOWLStatementHandler.printTriplesLoadLogMessage()
2013.03.20 16:34:08.908 CDT INFO:     Loaded 1000000 triples 8664 -- ProtegeOWLParser$ProtegeOWLStatementHandler.printTriplesLoadLogMessage()
2013.03.20 16:34:09.108 CDT INFO:     Loaded 1010000 triples 8671 -- ProtegeOWLParser$ProtegeOWLStatementHandler.printTriplesLoadLogMessage()
2013.03.20 16:34:09.820 CDT INFO:     Loaded 1020000 triples 8672 -- ProtegeOWLParser$ProtegeOWLStatementHandler.printTriplesLoadLogMessage()
2013.03.20 16:34:10.043 CDT INFO:     Loaded 1030000 triples 8626 -- ProtegeOWLParser$ProtegeOWLStatementHandler.printTriplesLoadLogMessage()
2013.03.20 16:34:10.239 CDT INFO:     Loaded 1040000 triples 8685 -- ProtegeOWLParser$ProtegeOWLStatementHandler.printTriplesLoadLogMessage()
2013.03.20 16:34:10.940 CDT INFO:     Loaded 1050000 triples 8753 -- ProtegeOWLParser$ProtegeOWLStatementHandler.printTriplesLoadLogMessage()
2013.03.20 16:34:11.168 CDT INFO:     Loaded 1060000 triples 8674 -- ProtegeOWLParser$ProtegeOWLStatementHandler.printTriplesLoadLogMessage()
2013.03.20 16:34:11.387 CDT INFO:     Loaded 1070000 triples 8680 -- ProtegeOWLParser$ProtegeOWLStatementHandler.printTriplesLoadLogMessage()
2013.03.20 16:34:12.319 CDT INFO:     Loaded 1080000 triples 8634 -- ProtegeOWLParser$ProtegeOWLStatementHandler.printTriplesLoadLogMessage()
2013.03.20 16:34:12.523 CDT INFO:     Loaded 1090000 triples 8641 -- ProtegeOWLParser$ProtegeOWLStatementHandler.printTriplesLoadLogMessage()
2013.03.20 16:34:12.744 CDT INFO:     Loaded 1100000 triples 8589 -- ProtegeOWLParser$ProtegeOWLStatementHandler.printTriplesLoadLogMessage()
2013.03.20 16:34:15.824 CDT INFO:     Loaded 1110000 triples 8568 -- ProtegeOWLParser$ProtegeOWLStatementHandler.printTriplesLoadLogMessage()
2013.03.20 16:34:16.040 CDT INFO:     Loaded 1120000 triples 8554 -- ProtegeOWLParser$ProtegeOWLStatementHandler.printTriplesLoadLogMessage()
2013.03.20 16:34:16.241 CDT INFO:     Loaded 1130000 triples 8526 -- ProtegeOWLParser$ProtegeOWLStatementHandler.printTriplesLoadLogMessage()
2013.03.20 16:34:17.634 CDT INFO:     Loaded 1140000 triples 8554 -- ProtegeOWLParser$ProtegeOWLStatementHandler.printTriplesLoadLogMessage()
2013.03.20 16:34:17.847 CDT INFO:     Loaded 1150000 triples 8541 -- ProtegeOWLParser$ProtegeOWLStatementHandler.printTriplesLoadLogMessage()
2013.03.20 16:34:18.046 CDT INFO:     Loaded 1160000 triples 8570 -- ProtegeOWLParser$ProtegeOWLStatementHandler.printTriplesLoadLogMessage()
2013.03.20 16:34:20.604 CDT INFO:     Loaded 1170000 triples 8531 -- ProtegeOWLParser$ProtegeOWLStatementHandler.printTriplesLoadLogMessage()
2013.03.20 16:34:20.819 CDT INFO:     Loaded 1180000 triples 8503 -- ProtegeOWLParser$ProtegeOWLStatementHandler.printTriplesLoadLogMessage()
2013.03.20 16:34:21.053 CDT INFO:     Loaded 1190000 triples 8431 -- ProtegeOWLParser$ProtegeOWLStatementHandler.printTriplesLoadLogMessage()
2013.03.20 16:34:22.461 CDT INFO:     Loaded 1200000 triples 8420 -- ProtegeOWLParser$ProtegeOWLStatementHandler.printTriplesLoadLogMessage()
2013.03.20 16:34:22.678 CDT INFO:     Loaded 1210000 triples 8354 -- ProtegeOWLParser$ProtegeOWLStatementHandler.printTriplesLoadLogMessage()
2013.03.20 16:34:22.924 CDT INFO:     Loaded 1220000 triples 8326 -- ProtegeOWLParser$ProtegeOWLStatementHandler.printTriplesLoadLogMessage()
2013.03.20 16:34:23.831 CDT INFO:     Loaded 1230000 triples 8275 -- ProtegeOWLParser$ProtegeOWLStatementHandler.printTriplesLoadLogMessage()
2013.03.20 16:34:24.063 CDT INFO:     Loaded 1240000 triples 8288 -- ProtegeOWLParser$ProtegeOWLStatementHandler.printTriplesLoadLogMessage()
2013.03.20 16:34:24.276 CDT INFO:     Loaded 1250000 triples 8297 -- ProtegeOWLParser$ProtegeOWLStatementHandler.printTriplesLoadLogMessage()
2013.03.20 16:34:24.619 CDT INFO:     Loaded 1260000 triples 8329 -- ProtegeOWLParser$ProtegeOWLStatementHandler.printTriplesLoadLogMessage()
2013.03.20 16:34:25.486 CDT INFO:     Loaded 1270000 triples 8327 -- ProtegeOWLParser$ProtegeOWLStatementHandler.printTriplesLoadLogMessage()
2013.03.20 16:34:25.709 CDT INFO:     Loaded 1280000 triples 8280 -- ProtegeOWLParser$ProtegeOWLStatementHandler.printTriplesLoadLogMessage()
2013.03.20 16:34:25.915 CDT INFO:     Loaded 1290000 triples 8190 -- ProtegeOWLParser$ProtegeOWLStatementHandler.printTriplesLoadLogMessage()
2013.03.20 16:34:27.351 CDT INFO:     Loaded 1300000 triples 8143 -- ProtegeOWLParser$ProtegeOWLStatementHandler.printTriplesLoadLogMessage()
2013.03.20 16:34:27.570 CDT INFO:     Loaded 1310000 triples 8086 -- ProtegeOWLParser$ProtegeOWLStatementHandler.printTriplesLoadLogMessage()
2013.03.20 16:34:27.779 CDT INFO:     Loaded 1320000 triples 8073 -- ProtegeOWLParser$ProtegeOWLStatementHandler.printTriplesLoadLogMessage()
2013.03.20 16:34:28.434 CDT INFO:     Loaded 1330000 triples 7978 -- ProtegeOWLParser$ProtegeOWLStatementHandler.printTriplesLoadLogMessage()
2013.03.20 16:34:28.657 CDT INFO:     Loaded 1340000 triples 7914 -- ProtegeOWLParser$ProtegeOWLStatementHandler.printTriplesLoadLogMessage()
2013.03.20 16:34:28.861 CDT INFO:     Loaded 1350000 triples 7867 -- ProtegeOWLParser$ProtegeOWLStatementHandler.printTriplesLoadLogMessage()
2013.03.20 16:34:30.195 CDT INFO:     Loaded 1360000 triples 7853 -- ProtegeOWLParser$ProtegeOWLStatementHandler.printTriplesLoadLogMessage()
2013.03.20 16:34:30.413 CDT INFO:     Loaded 1370000 triples 7802 -- ProtegeOWLParser$ProtegeOWLStatementHandler.printTriplesLoadLogMessage()
2013.03.20 16:34:30.629 CDT INFO:     Loaded 1380000 triples 7776 -- ProtegeOWLParser$ProtegeOWLStatementHandler.printTriplesLoadLogMessage()
2013.03.20 16:34:31.353 CDT INFO:     Loaded 1390000 triples 7719 -- ProtegeOWLParser$ProtegeOWLStatementHandler.printTriplesLoadLogMessage()
2013.03.20 16:34:31.595 CDT INFO:     Loaded 1400000 triples 7688 -- ProtegeOWLParser$ProtegeOWLStatementHandler.printTriplesLoadLogMessage()
2013.03.20 16:34:32.877 CDT INFO:     Loaded 1410000 triples 7670 -- ProtegeOWLParser$ProtegeOWLStatementHandler.printTriplesLoadLogMessage()
2013.03.20 16:34:33.100 CDT INFO:     Loaded 1420000 triples 7613 -- ProtegeOWLParser$ProtegeOWLStatementHandler.printTriplesLoadLogMessage()
2013.03.20 16:34:33.322 CDT INFO:     Loaded 1430000 triples 7565 -- ProtegeOWLParser$ProtegeOWLStatementHandler.printTriplesLoadLogMessage()
2013.03.20 16:34:35.089 CDT INFO:     Loaded 1440000 triples 7481 -- ProtegeOWLParser$ProtegeOWLStatementHandler.printTriplesLoadLogMessage()
2013.03.20 16:34:35.315 CDT INFO:     Loaded 1450000 triples 7469 -- ProtegeOWLParser$ProtegeOWLStatementHandler.printTriplesLoadLogMessage()
2013.03.20 16:34:35.528 CDT INFO:     Loaded 1460000 triples 7471 -- ProtegeOWLParser$ProtegeOWLStatementHandler.printTriplesLoadLogMessage()
2013.03.20 16:34:36.229 CDT INFO:     Loaded 1470000 triples 7449 -- ProtegeOWLParser$ProtegeOWLStatementHandler.printTriplesLoadLogMessage()
2013.03.20 16:34:36.538 CDT INFO:     Loaded 1480000 triples 7163 -- ProtegeOWLParser$ProtegeOWLStatementHandler.printTriplesLoadLogMessage()
2013.03.20 16:34:36.792 CDT INFO:     Loaded 1490000 triples 7072 -- ProtegeOWLParser$ProtegeOWLStatementHandler.printTriplesLoadLogMessage()
2013.03.20 16:34:37.431 CDT INFO:     Loaded 1500000 triples 7019 -- ProtegeOWLParser$ProtegeOWLStatementHandler.printTriplesLoadLogMessage()
2013.03.20 16:34:37.650 CDT INFO:     Loaded 1510000 triples 6925 -- ProtegeOWLParser$ProtegeOWLStatementHandler.printTriplesLoadLogMessage()
2013.03.20 16:34:37.886 CDT INFO:     Loaded 1520000 triples 6847 -- ProtegeOWLParser$ProtegeOWLStatementHandler.printTriplesLoadLogMessage()
2013.03.20 16:34:38.584 CDT INFO:     Loaded 1530000 triples 6790 -- ProtegeOWLParser$ProtegeOWLStatementHandler.printTriplesLoadLogMessage()
2013.03.20 16:34:38.810 CDT INFO:     Loaded 1540000 triples 6730 -- ProtegeOWLParser$ProtegeOWLStatementHandler.printTriplesLoadLogMessage()
2013.03.20 16:34:39.048 CDT INFO:     Loaded 1550000 triples 6623 -- ProtegeOWLParser$ProtegeOWLStatementHandler.printTriplesLoadLogMessage()
2013.03.20 16:34:39.662 CDT INFO:     Loaded 1560000 triples 6597 -- ProtegeOWLParser$ProtegeOWLStatementHandler.printTriplesLoadLogMessage()
2013.03.20 16:34:39.874 CDT INFO:     Loaded 1570000 triples 6561 -- ProtegeOWLParser$ProtegeOWLStatementHandler.printTriplesLoadLogMessage()
2013.03.20 16:34:40.100 CDT INFO:     Loaded 1580000 triples 6556 -- ProtegeOWLParser$ProtegeOWLStatementHandler.printTriplesLoadLogMessage()
2013.03.20 16:34:40.775 CDT INFO:     Loaded 1590000 triples 6545 -- ProtegeOWLParser$ProtegeOWLStatementHandler.printTriplesLoadLogMessage()
2013.03.20 16:34:41.002 CDT INFO:     Loaded 1600000 triples 6525 -- ProtegeOWLParser$ProtegeOWLStatementHandler.printTriplesLoadLogMessage()
2013.03.20 16:34:41.207 CDT INFO:     Loaded 1610000 triples 6491 -- ProtegeOWLParser$ProtegeOWLStatementHandler.printTriplesLoadLogMessage()
2013.03.20 16:34:41.412 CDT INFO:     Loaded 1620000 triples 6449 -- ProtegeOWLParser$ProtegeOWLStatementHandler.printTriplesLoadLogMessage()
2013.03.20 16:34:42.062 CDT INFO:     Loaded 1630000 triples 6391 -- ProtegeOWLParser$ProtegeOWLStatementHandler.printTriplesLoadLogMessage()
2013.03.20 16:34:42.293 CDT INFO:     Loaded 1640000 triples 6288 -- ProtegeOWLParser$ProtegeOWLStatementHandler.printTriplesLoadLogMessage()
2013.03.20 16:34:42.523 CDT INFO:     Loaded 1650000 triples 6251 -- ProtegeOWLParser$ProtegeOWLStatementHandler.printTriplesLoadLogMessage()
2013.03.20 16:34:43.229 CDT INFO:     Loaded 1660000 triples 6142 -- ProtegeOWLParser$ProtegeOWLStatementHandler.printTriplesLoadLogMessage()
2013.03.20 16:34:43.473 CDT INFO:     Loaded 1670000 triples 6069 -- ProtegeOWLParser$ProtegeOWLStatementHandler.printTriplesLoadLogMessage()
2013.03.20 16:34:44.158 CDT INFO:     Loaded 1680000 triples 6026 -- ProtegeOWLParser$ProtegeOWLStatementHandler.printTriplesLoadLogMessage()
2013.03.20 16:34:44.409 CDT INFO:     Loaded 1690000 triples 5967 -- ProtegeOWLParser$ProtegeOWLStatementHandler.printTriplesLoadLogMessage()
2013.03.20 16:34:44.681 CDT INFO:     Loaded 1700000 triples 5872 -- ProtegeOWLParser$ProtegeOWLStatementHandler.printTriplesLoadLogMessage()
2013.03.20 16:34:45.337 CDT INFO:     Loaded 1710000 triples 5810 -- ProtegeOWLParser$ProtegeOWLStatementHandler.printTriplesLoadLogMessage()
2013.03.20 16:34:45.568 CDT INFO:     Loaded 1720000 triples 5775 -- ProtegeOWLParser$ProtegeOWLStatementHandler.printTriplesLoadLogMessage()
2013.03.20 16:34:45.787 CDT INFO:     Loaded 1730000 triples 5704 -- ProtegeOWLParser$ProtegeOWLStatementHandler.printTriplesLoadLogMessage()
2013.03.20 16:34:46.075 CDT INFO:     Loaded 1740000 triples 5660 -- ProtegeOWLParser$ProtegeOWLStatementHandler.printTriplesLoadLogMessage()
2013.03.20 16:34:47.939 CDT INFO:     Loaded 1750000 triples 5599 -- ProtegeOWLParser$ProtegeOWLStatementHandler.printTriplesLoadLogMessage()
2013.03.20 16:34:48.154 CDT INFO:     Loaded 1760000 triples 5509 -- ProtegeOWLParser$ProtegeOWLStatementHandler.printTriplesLoadLogMessage()
2013.03.20 16:34:48.364 CDT INFO:     Loaded 1770000 triples 5505 -- ProtegeOWLParser$ProtegeOWLStatementHandler.printTriplesLoadLogMessage()
2013.03.20 16:34:49.241 CDT INFO:     Loaded 1780000 triples 5469 -- ProtegeOWLParser$ProtegeOWLStatementHandler.printTriplesLoadLogMessage()
2013.03.20 16:34:49.469 CDT INFO:     Loaded 1790000 triples 5391 -- ProtegeOWLParser$ProtegeOWLStatementHandler.printTriplesLoadLogMessage()
2013.03.20 16:34:50.075 CDT INFO:     Loaded 1800000 triples 5309 -- ProtegeOWLParser$ProtegeOWLStatementHandler.printTriplesLoadLogMessage()
2013.03.20 16:34:50.296 CDT INFO:     Loaded 1810000 triples 5303 -- ProtegeOWLParser$ProtegeOWLStatementHandler.printTriplesLoadLogMessage()
2013.03.20 16:34:50.490 CDT INFO:     Loaded 1820000 triples 5289 -- ProtegeOWLParser$ProtegeOWLStatementHandler.printTriplesLoadLogMessage()
2013.03.20 16:34:50.680 CDT INFO:     Loaded 1830000 triples 5277 -- ProtegeOWLParser$ProtegeOWLStatementHandler.printTriplesLoadLogMessage()
2013.03.20 16:34:50.879 CDT INFO:     Loaded 1840000 triples 5248 -- ProtegeOWLParser$ProtegeOWLStatementHandler.printTriplesLoadLogMessage()
2013.03.20 16:34:51.500 CDT INFO:     Loaded 1850000 triples 5127 -- ProtegeOWLParser$ProtegeOWLStatementHandler.printTriplesLoadLogMessage()
2013.03.20 16:34:51.743 CDT INFO:     Loaded 1860000 triples 5046 -- ProtegeOWLParser$ProtegeOWLStatementHandler.printTriplesLoadLogMessage()
2013.03.20 16:34:51.961 CDT INFO:     Loaded 1870000 triples 4968 -- ProtegeOWLParser$ProtegeOWLStatementHandler.printTriplesLoadLogMessage()
2013.03.20 16:34:52.639 CDT INFO:     Loaded 1880000 triples 4923 -- ProtegeOWLParser$ProtegeOWLStatementHandler.printTriplesLoadLogMessage()
2013.03.20 16:34:52.838 CDT INFO:     Loaded 1890000 triples 4912 -- ProtegeOWLParser$ProtegeOWLStatementHandler.printTriplesLoadLogMessage()
2013.03.20 16:34:53.053 CDT INFO:     Loaded 1900000 triples 4878 -- ProtegeOWLParser$ProtegeOWLStatementHandler.printTriplesLoadLogMessage()
2013.03.20 16:34:54.535 CDT INFO:     Loaded 1910000 triples 4814 -- ProtegeOWLParser$ProtegeOWLStatementHandler.printTriplesLoadLogMessage()
2013.03.20 16:34:54.755 CDT INFO:     Loaded 1920000 triples 4749 -- ProtegeOWLParser$ProtegeOWLStatementHandler.printTriplesLoadLogMessage()
2013.03.20 16:34:54.974 CDT INFO:     Loaded 1930000 triples 4642 -- ProtegeOWLParser$ProtegeOWLStatementHandler.printTriplesLoadLogMessage()
2013.03.20 16:34:55.811 CDT INFO:     Loaded 1940000 triples 4530 -- ProtegeOWLParser$ProtegeOWLStatementHandler.printTriplesLoadLogMessage()
2013.03.20 16:34:56.028 CDT INFO:     Loaded 1950000 triples 4443 -- ProtegeOWLParser$ProtegeOWLStatementHandler.printTriplesLoadLogMessage()
2013.03.20 16:34:56.236 CDT INFO:     Loaded 1960000 triples 4401 -- ProtegeOWLParser$ProtegeOWLStatementHandler.printTriplesLoadLogMessage()
2013.03.20 16:34:56.941 CDT INFO:     Loaded 1970000 triples 4347 -- ProtegeOWLParser$ProtegeOWLStatementHandler.printTriplesLoadLogMessage()
2013.03.20 16:34:57.151 CDT INFO:     Loaded 1980000 triples 4256 -- ProtegeOWLParser$ProtegeOWLStatementHandler.printTriplesLoadLogMessage()
2013.03.20 16:34:57.353 CDT INFO:     Loaded 1990000 triples 4217 -- ProtegeOWLParser$ProtegeOWLStatementHandler.printTriplesLoadLogMessage()
2013.03.20 16:34:59.210 CDT INFO:     Loaded 2000000 triples 4197 -- ProtegeOWLParser$ProtegeOWLStatementHandler.printTriplesLoadLogMessage()
2013.03.20 16:34:59.406 CDT INFO:     Loaded 2010000 triples 4202 -- ProtegeOWLParser$ProtegeOWLStatementHandler.printTriplesLoadLogMessage()
2013.03.20 16:34:59.602 CDT INFO:     Loaded 2020000 triples 4240 -- ProtegeOWLParser$ProtegeOWLStatementHandler.printTriplesLoadLogMessage()
2013.03.20 16:34:59.799 CDT INFO:     Loaded 2030000 triples 4274 -- ProtegeOWLParser$ProtegeOWLStatementHandler.printTriplesLoadLogMessage()
2013.03.20 16:34:59.996 CDT INFO:     Loaded 2040000 triples 4293 -- ProtegeOWLParser$ProtegeOWLStatementHandler.printTriplesLoadLogMessage()
2013.03.20 16:35:00.970 CDT INFO:     Loaded 2050000 triples 4283 -- ProtegeOWLParser$ProtegeOWLStatementHandler.printTriplesLoadLogMessage()
2013.03.20 16:35:01.164 CDT INFO:     Loaded 2060000 triples 4274 -- ProtegeOWLParser$ProtegeOWLStatementHandler.printTriplesLoadLogMessage()
2013.03.20 16:35:01.411 CDT INFO:     Loaded 2070000 triples 4258 -- ProtegeOWLParser$ProtegeOWLStatementHandler.printTriplesLoadLogMessage()
2013.03.20 16:35:01.601 CDT INFO:     Loaded 2080000 triples 4243 -- ProtegeOWLParser$ProtegeOWLStatementHandler.printTriplesLoadLogMessage()
2013.03.20 16:35:02.349 CDT INFO:     Loaded 2090000 triples 4222 -- ProtegeOWLParser$ProtegeOWLStatementHandler.printTriplesLoadLogMessage()
2013.03.20 16:35:02.551 CDT INFO:     Loaded 2100000 triples 4257 -- ProtegeOWLParser$ProtegeOWLStatementHandler.printTriplesLoadLogMessage()
2013.03.20 16:35:02.740 CDT INFO:     Loaded 2110000 triples 4263 -- ProtegeOWLParser$ProtegeOWLStatementHandler.printTriplesLoadLogMessage()
2013.03.20 16:35:02.934 CDT INFO:     Loaded 2120000 triples 4246 -- ProtegeOWLParser$ProtegeOWLStatementHandler.printTriplesLoadLogMessage()
2013.03.20 16:35:03.548 CDT INFO:     Loaded 2130000 triples 4217 -- ProtegeOWLParser$ProtegeOWLStatementHandler.printTriplesLoadLogMessage()
2013.03.20 16:35:03.737 CDT INFO:     Loaded 2140000 triples 4201 -- ProtegeOWLParser$ProtegeOWLStatementHandler.printTriplesLoadLogMessage()
2013.03.20 16:35:03.935 CDT INFO:     Loaded 2150000 triples 4185 -- ProtegeOWLParser$ProtegeOWLStatementHandler.printTriplesLoadLogMessage()
2013.03.20 16:35:04.146 CDT INFO:     Loaded 2160000 triples 4129 -- ProtegeOWLParser$ProtegeOWLStatementHandler.printTriplesLoadLogMessage()
2013.03.20 16:35:04.757 CDT INFO:     Loaded 2170000 triples 3997 -- ProtegeOWLParser$ProtegeOWLStatementHandler.printTriplesLoadLogMessage()
2013.03.20 16:35:04.978 CDT INFO:     Loaded 2180000 triples 3944 -- ProtegeOWLParser$ProtegeOWLStatementHandler.printTriplesLoadLogMessage()
2013.03.20 16:35:05.199 CDT INFO:     Loaded 2190000 triples 3854 -- ProtegeOWLParser$ProtegeOWLStatementHandler.printTriplesLoadLogMessage()
2013.03.20 16:35:05.816 CDT INFO:     Loaded 2200000 triples 3807 -- ProtegeOWLParser$ProtegeOWLStatementHandler.printTriplesLoadLogMessage()
2013.03.20 16:35:06.028 CDT INFO:     Loaded 2210000 triples 3781 -- ProtegeOWLParser$ProtegeOWLStatementHandler.printTriplesLoadLogMessage()
2013.03.20 16:35:06.229 CDT INFO:     Loaded 2220000 triples 3770 -- ProtegeOWLParser$ProtegeOWLStatementHandler.printTriplesLoadLogMessage()
2013.03.20 16:35:06.849 CDT INFO:     Loaded 2230000 triples 3734 -- ProtegeOWLParser$ProtegeOWLStatementHandler.printTriplesLoadLogMessage()
2013.03.20 16:35:07.054 CDT INFO:     Loaded 2240000 triples 3655 -- ProtegeOWLParser$ProtegeOWLStatementHandler.printTriplesLoadLogMessage()
2013.03.20 16:35:07.273 CDT INFO:     Loaded 2250000 triples 3574 -- ProtegeOWLParser$ProtegeOWLStatementHandler.printTriplesLoadLogMessage()
2013.03.20 16:35:07.897 CDT INFO:     Loaded 2260000 triples 3461 -- ProtegeOWLParser$ProtegeOWLStatementHandler.printTriplesLoadLogMessage()
2013.03.20 16:35:08.100 CDT INFO:     Loaded 2270000 triples 3417 -- ProtegeOWLParser$ProtegeOWLStatementHandler.printTriplesLoadLogMessage()
2013.03.20 16:35:08.324 CDT INFO:     Loaded 2280000 triples 3335 -- ProtegeOWLParser$ProtegeOWLStatementHandler.printTriplesLoadLogMessage()
2013.03.20 16:35:08.950 CDT INFO:     Loaded 2290000 triples 3252 -- ProtegeOWLParser$ProtegeOWLStatementHandler.printTriplesLoadLogMessage()
2013.03.20 16:35:09.184 CDT INFO:     Loaded 2300000 triples 3174 -- ProtegeOWLParser$ProtegeOWLStatementHandler.printTriplesLoadLogMessage()
2013.03.20 16:35:09.405 CDT INFO:     Loaded 2310000 triples 3076 -- ProtegeOWLParser$ProtegeOWLStatementHandler.printTriplesLoadLogMessage()
2013.03.20 16:35:10.014 CDT INFO:     Loaded 2320000 triples 3007 -- ProtegeOWLParser$ProtegeOWLStatementHandler.printTriplesLoadLogMessage()
2013.03.20 16:35:10.239 CDT INFO:     Loaded 2330000 triples 2865 -- ProtegeOWLParser$ProtegeOWLStatementHandler.printTriplesLoadLogMessage()
2013.03.20 16:35:10.450 CDT INFO:     Loaded 2340000 triples 2741 -- ProtegeOWLParser$ProtegeOWLStatementHandler.printTriplesLoadLogMessage()
2013.03.20 16:35:11.358 CDT INFO:     Loaded 2350000 triples 2693 -- ProtegeOWLParser$ProtegeOWLStatementHandler.printTriplesLoadLogMessage()
2013.03.20 16:35:11.560 CDT INFO:     Loaded 2360000 triples 2631 -- ProtegeOWLParser$ProtegeOWLStatementHandler.printTriplesLoadLogMessage()
2013.03.20 16:35:11.798 CDT INFO:     Loaded 2370000 triples 2497 -- ProtegeOWLParser$ProtegeOWLStatementHandler.printTriplesLoadLogMessage()
2013.03.20 16:35:12.428 CDT INFO:     Loaded 2380000 triples 2403 -- ProtegeOWLParser$ProtegeOWLStatementHandler.printTriplesLoadLogMessage()
2013.03.20 16:35:12.631 CDT INFO:     Loaded 2390000 triples 2378 -- ProtegeOWLParser$ProtegeOWLStatementHandler.printTriplesLoadLogMessage()
2013.03.20 16:35:12.860 CDT INFO:     Loaded 2400000 triples 2293 -- ProtegeOWLParser$ProtegeOWLStatementHandler.printTriplesLoadLogMessage()
2013.03.20 16:35:13.509 CDT INFO:     Loaded 2410000 triples 2214 -- ProtegeOWLParser$ProtegeOWLStatementHandler.printTriplesLoadLogMessage()
2013.03.20 16:35:13.769 CDT INFO:     Loaded 2420000 triples 1704 -- ProtegeOWLParser$ProtegeOWLStatementHandler.printTriplesLoadLogMessage()
2013.03.20 16:35:13.996 CDT INFO:     Loaded 2430000 triples 1070 -- ProtegeOWLParser$ProtegeOWLStatementHandler.printTriplesLoadLogMessage()
2013.03.20 16:35:14.482 CDT INFO:     Loaded 2440000 triples 554 -- ProtegeOWLParser$ProtegeOWLStatementHandler.printTriplesLoadLogMessage()
2013.03.20 16:35:14.695 CDT INFO:     Loaded 2450000 triples 175 -- ProtegeOWLParser$ProtegeOWLStatementHandler.printTriplesLoadLogMessage()
2013.03.20 16:35:14.906 CDT INFO:     Completed triple loading after 102116 ms -- ProtegeOWLParser.loadTriples()
2013.03.20 16:35:15.143 CDT INFO: Importing http://protege.stanford.edu/plugins/owl/protege from location: http://protege.stanford.edu/plugins/owl/protege -- AbstractOWLModel.loadImportedAssertions()
2013.03.20 16:35:15.154 CDT INFO: Loading triples for: http://protege.stanford.edu/plugins/owl/protege -- ProtegeOWLParser.loadTriples()
2013.03.20 16:35:15.158 CDT INFO:     Completed triple loading after 3 ms -- ProtegeOWLParser.loadTriples()
2013.03.20 16:35:15.162 CDT INFO: Postprocess: Process entities with incorrect Java type (0 entities) ...  -- TriplePostProcessor.processFramesWithWrongJavaType()
2013.03.20 16:35:15.162 CDT INFO: 0 ms
 -- TriplePostProcessor.processFramesWithWrongJavaType()
2013.03.20 16:35:15.163 CDT INFO: Postprocess: Process metaclasses (3 metaclasses) ...  -- TriplePostProcessor.processMetaclasses()
2013.03.20 16:35:15.163 CDT INFO: 0 ms
 -- TriplePostProcessor.processMetaclasses()
2013.03.20 16:35:15.164 CDT INFO: Postprocess: Process subclasses of rdf:List (1 classes) ...  -- TriplePostProcessor.processSubclassesOfRdfList()
2013.03.20 16:35:15.164 CDT INFO: 0 ms
 -- TriplePostProcessor.processSubclassesOfRdfList()
2013.03.20 16:35:15.164 CDT INFO: Postprocess: Instances with multiple types (3754 instances) ...  -- TriplePostProcessor.processInstancesWithMultipleTypes()
2013.03.20 16:35:15.835 CDT INFO: 671 ms
 -- TriplePostProcessor.processInstancesWithMultipleTypes()
2013.03.20 16:35:15.836 CDT INFO: Postprocess: Add inferred superclasses ...  -- TriplePostProcessor.processInferredSuperclasses()
2013.03.20 16:35:16.554 CDT INFO: 717 ms
 -- TriplePostProcessor.processInferredSuperclasses()
2013.03.20 16:35:16.635 CDT INFO: Postprocess: Process orphan classes (91578 classes) ...  -- TriplePostProcessor.processOrphanClses()
2013.03.20 16:35:18.847 CDT INFO: 2212 ms
 -- TriplePostProcessor.processOrphanClses()
2013.03.20 16:35:18.847 CDT INFO: Postprocess: Generalized Concept Inclusion (0 axioms) ...  -- TriplePostProcessor.processGeneralizedConceptInclusions()
2013.03.20 16:35:18.848 CDT INFO: 0 ms
 -- TriplePostProcessor.processGeneralizedConceptInclusions()
2013.03.20 16:35:18.848 CDT INFO: Postprocess: Abstract classes...  -- TriplePostProcessor.processAbstractClasses()
2013.03.20 16:35:18.848 CDT INFO: 0 ms
 -- TriplePostProcessor.processAbstractClasses()
2013.03.20 16:35:18.848 CDT INFO: Postprocess: Domain and range of properties...  -- TriplePostProcessor.processDomainAndRange()
2013.03.20 16:35:18.861 CDT INFO: 13 ms
 -- TriplePostProcessor.processDomainAndRange()
2013.03.20 16:35:18.861 CDT INFO: Postprocess: Possibly typed entities (0 resources) ...  -- TriplePostProcessor.processPossiblyTypedResources()
2013.03.20 16:35:18.861 CDT INFO: 0 ms
 -- TriplePostProcessor.processPossiblyTypedResources()
2013.03.20 16:35:18.862 CDT INFO: Updating underlying frames model in 0 ms -- ProtegeOWLParser.doFinalPostProcessing()
2019.01.28 09:51:04.310 CST INFO: *** SYSTEM START ***
2019.01.28 09:51:04.687 CST WARNING: [Local Folder Repository] The specified file must be a directory. (/Users/bauerhs/git/lexevs/lbAdmin/plugins/edu.stanford.smi.protegex.owl) -- LocalFolderRepository.update()
2019.01.28 09:51:04.739 CST INFO: Loading triples for: file:/Users/bauerhs/git/lexevs/lbTest/resources/testData/sample.owl -- ProtegeOWLParser.loadTriples()
2019.01.28 09:51:05.095 CST INFO:     Completed triple loading after 301 ms -- ProtegeOWLParser.loadTriples()
2019.01.28 09:51:05.097 CST INFO: Postprocess: Process entities with incorrect Java type (0 entities) ...  -- TriplePostProcessor.processFramesWithWrongJavaType()
2019.01.28 09:51:05.097 CST INFO: 0 ms
 -- TriplePostProcessor.processFramesWithWrongJavaType()
2019.01.28 09:51:05.097 CST INFO: Postprocess: Process metaclasses (3 metaclasses) ...  -- TriplePostProcessor.processMetaclasses()
2019.01.28 09:51:05.097 CST INFO: 0 ms
 -- TriplePostProcessor.processMetaclasses()
2019.01.28 09:51:05.097 CST INFO: Postprocess: Process subclasses of rdf:List (1 classes) ...  -- TriplePostProcessor.processSubclassesOfRdfList()
2019.01.28 09:51:05.098 CST INFO: 0 ms
 -- TriplePostProcessor.processSubclassesOfRdfList()
2019.01.28 09:51:05.098 CST INFO: Postprocess: Instances with multiple types (74 instances) ...  -- TriplePostProcessor.processInstancesWithMultipleTypes()
2019.01.28 09:51:05.104 CST INFO: 6 ms
 -- TriplePostProcessor.processInstancesWithMultipleTypes()
2019.01.28 09:51:05.114 CST INFO: Postprocess: Add inferred superclasses ...  -- TriplePostProcessor.processInferredSuperclasses()
2019.01.28 09:51:05.114 CST INFO: 0 ms
 -- TriplePostProcessor.processInferredSuperclasses()
2019.01.28 09:51:05.116 CST INFO: Postprocess: Process orphan classes (67 classes) ...  -- TriplePostProcessor.processOrphanClses()
2019.01.28 09:51:05.119 CST INFO: 3 ms
 -- TriplePostProcessor.processOrphanClses()
2019.01.28 09:51:05.119 CST INFO: Postprocess: Generalized Concept Inclusion (0 axioms) ...  -- TriplePostProcessor.processGeneralizedConceptInclusions()
2019.01.28 09:51:05.119 CST INFO: 0 ms
 -- TriplePostProcessor.processGeneralizedConceptInclusions()
2019.01.28 09:51:05.120 CST INFO: Postprocess: Abstract classes...  -- TriplePostProcessor.processAbstractClasses()
2019.01.28 09:51:05.120 CST INFO: 0 ms
 -- TriplePostProcessor.processAbstractClasses()
2019.01.28 09:51:05.120 CST INFO: Postprocess: Domain and range of properties...  -- TriplePostProcessor.processDomainAndRange()
2019.01.28 09:51:05.128 CST INFO: 8 ms
 -- TriplePostProcessor.processDomainAndRange()
2019.01.28 09:51:05.129 CST INFO: Postprocess: Possibly typed entities (7 resources) ...  -- TriplePostProcessor.processPossiblyTypedResources()
2019.01.28 09:51:05.130 CST INFO: 1 ms
 -- TriplePostProcessor.processPossiblyTypedResources()
2019.01.28 09:51:05.130 CST INFO: Updating underlying frames model in 0 ms -- ProtegeOWLParser.doFinalPostProcessing()
2019.01.28 10:03:06.923 CST INFO: *** SYSTEM START ***
2019.01.28 10:03:09.887 CST WARNING: [Local Folder Repository] The specified file must be a directory. (/Users/bauerhs/git/lexevs/lbAdmin/plugins/edu.stanford.smi.protegex.owl) -- LocalFolderRepository.update()
2019.01.28 10:03:10.036 CST INFO: Loading triples for: file:/Users/bauerhs/git/lexevs/lbTest/resources/testData/sample.owl -- ProtegeOWLParser.loadTriples()
2019.01.28 10:03:13.960 CST INFO:     Completed triple loading after 3537 ms -- ProtegeOWLParser.loadTriples()
2019.01.28 10:03:13.969 CST INFO: Postprocess: Process entities with incorrect Java type (0 entities) ...  -- TriplePostProcessor.processFramesWithWrongJavaType()
2019.01.28 10:03:13.969 CST INFO: 0 ms
 -- TriplePostProcessor.processFramesWithWrongJavaType()
2019.01.28 10:03:13.970 CST INFO: Postprocess: Process metaclasses (3 metaclasses) ...  -- TriplePostProcessor.processMetaclasses()
2019.01.28 10:03:13.972 CST INFO: 0 ms
 -- TriplePostProcessor.processMetaclasses()
2019.01.28 10:03:13.972 CST INFO: Postprocess: Process subclasses of rdf:List (1 classes) ...  -- TriplePostProcessor.processSubclassesOfRdfList()
2019.01.28 10:03:13.973 CST INFO: 0 ms
 -- TriplePostProcessor.processSubclassesOfRdfList()
2019.01.28 10:03:13.973 CST INFO: Postprocess: Instances with multiple types (74 instances) ...  -- TriplePostProcessor.processInstancesWithMultipleTypes()
2019.01.28 10:03:14.073 CST INFO: 99 ms
 -- TriplePostProcessor.processInstancesWithMultipleTypes()
2019.01.28 10:03:14.139 CST INFO: Postprocess: Add inferred superclasses ...  -- TriplePostProcessor.processInferredSuperclasses()
2019.01.28 10:03:14.139 CST INFO: 0 ms
 -- TriplePostProcessor.processInferredSuperclasses()
2019.01.28 10:03:14.156 CST INFO: Postprocess: Process orphan classes (67 classes) ...  -- TriplePostProcessor.processOrphanClses()
2019.01.28 10:03:14.199 CST INFO: 43 ms
 -- TriplePostProcessor.processOrphanClses()
2019.01.28 10:03:14.199 CST INFO: Postprocess: Generalized Concept Inclusion (0 axioms) ...  -- TriplePostProcessor.processGeneralizedConceptInclusions()
2019.01.28 10:03:14.200 CST INFO: 0 ms
 -- TriplePostProcessor.processGeneralizedConceptInclusions()
2019.01.28 10:03:14.200 CST INFO: Postprocess: Abstract classes...  -- TriplePostProcessor.processAbstractClasses()
2019.01.28 10:03:14.201 CST INFO: 0 ms
 -- TriplePostProcessor.processAbstractClasses()
2019.01.28 10:03:14.201 CST INFO: Postprocess: Domain and range of properties...  -- TriplePostProcessor.processDomainAndRange()
2019.01.28 10:03:14.480 CST INFO: 277 ms
 -- TriplePostProcessor.processDomainAndRange()
2019.01.28 10:03:14.481 CST INFO: Postprocess: Possibly typed entities (7 resources) ...  -- TriplePostProcessor.processPossiblyTypedResources()
2019.01.28 10:03:14.502 CST INFO: 20 ms
 -- TriplePostProcessor.processPossiblyTypedResources()
2019.01.28 10:03:14.503 CST INFO: Updating underlying frames model in 1 ms -- ProtegeOWLParser.doFinalPostProcessing()
2019.01.28 10:04:49.928 CST INFO: *** SYSTEM START ***
2019.01.28 10:04:50.268 CST WARNING: [Local Folder Repository] The specified file must be a directory. (/Users/bauerhs/git/lexevs/lbAdmin/plugins/edu.stanford.smi.protegex.owl) -- LocalFolderRepository.update()
2019.01.28 10:04:50.290 CST INFO: Loading triples for: file:/Users/bauerhs/git/lexevs/lbTest/resources/testData/sample.owl -- ProtegeOWLParser.loadTriples()
2019.01.28 10:04:50.627 CST INFO:     Completed triple loading after 283 ms -- ProtegeOWLParser.loadTriples()
2019.01.28 10:04:50.629 CST INFO: Postprocess: Process entities with incorrect Java type (0 entities) ...  -- TriplePostProcessor.processFramesWithWrongJavaType()
2019.01.28 10:04:50.629 CST INFO: 0 ms
 -- TriplePostProcessor.processFramesWithWrongJavaType()
2019.01.28 10:04:50.629 CST INFO: Postprocess: Process metaclasses (3 metaclasses) ...  -- TriplePostProcessor.processMetaclasses()
2019.01.28 10:04:50.629 CST INFO: 0 ms
 -- TriplePostProcessor.processMetaclasses()
2019.01.28 10:04:50.629 CST INFO: Postprocess: Process subclasses of rdf:List (1 classes) ...  -- TriplePostProcessor.processSubclassesOfRdfList()
2019.01.28 10:04:50.630 CST INFO: 1 ms
 -- TriplePostProcessor.processSubclassesOfRdfList()
2019.01.28 10:04:50.630 CST INFO: Postprocess: Instances with multiple types (74 instances) ...  -- TriplePostProcessor.processInstancesWithMultipleTypes()
2019.01.28 10:04:50.634 CST INFO: 4 ms
 -- TriplePostProcessor.processInstancesWithMultipleTypes()
2019.01.28 10:04:50.642 CST INFO: Postprocess: Add inferred superclasses ...  -- TriplePostProcessor.processInferredSuperclasses()
2019.01.28 10:04:50.642 CST INFO: 0 ms
 -- TriplePostProcessor.processInferredSuperclasses()
2019.01.28 10:04:50.645 CST INFO: Postprocess: Process orphan classes (67 classes) ...  -- TriplePostProcessor.processOrphanClses()
2019.01.28 10:04:50.648 CST INFO: 3 ms
 -- TriplePostProcessor.processOrphanClses()
2019.01.28 10:04:50.648 CST INFO: Postprocess: Generalized Concept Inclusion (0 axioms) ...  -- TriplePostProcessor.processGeneralizedConceptInclusions()
2019.01.28 10:04:50.648 CST INFO: 0 ms
 -- TriplePostProcessor.processGeneralizedConceptInclusions()
2019.01.28 10:04:50.648 CST INFO: Postprocess: Abstract classes...  -- TriplePostProcessor.processAbstractClasses()
2019.01.28 10:04:50.649 CST INFO: 0 ms
 -- TriplePostProcessor.processAbstractClasses()
2019.01.28 10:04:50.649 CST INFO: Postprocess: Domain and range of properties...  -- TriplePostProcessor.processDomainAndRange()
2019.01.28 10:04:50.660 CST INFO: 11 ms
 -- TriplePostProcessor.processDomainAndRange()
2019.01.28 10:04:50.660 CST INFO: Postprocess: Possibly typed entities (7 resources) ...  -- TriplePostProcessor.processPossiblyTypedResources()
2019.01.28 10:04:50.661 CST INFO: 1 ms
 -- TriplePostProcessor.processPossiblyTypedResources()
2019.01.28 10:04:50.661 CST INFO: Updating underlying frames model in 0 ms -- ProtegeOWLParser.doFinalPostProcessing()
2019.01.28 10:13:06.909 CST WARNING: [Local Folder Repository] The specified file must be a directory. (/Users/bauerhs/git/lexevs/lbAdmin/plugins/edu.stanford.smi.protegex.owl) -- LocalFolderRepository.update()
2019.01.28 10:13:06.913 CST INFO: Loading triples for: file:/Users/bauerhs/git/lexevs/lbTest/resources/testData/sample.owl -- ProtegeOWLParser.loadTriples()
2019.01.28 10:13:06.964 CST INFO:     Completed triple loading after 50 ms -- ProtegeOWLParser.loadTriples()
2019.01.28 10:13:06.964 CST INFO: Postprocess: Process entities with incorrect Java type (0 entities) ...  -- TriplePostProcessor.processFramesWithWrongJavaType()
2019.01.28 10:13:06.965 CST INFO: 1 ms
 -- TriplePostProcessor.processFramesWithWrongJavaType()
2019.01.28 10:13:06.965 CST INFO: Postprocess: Process metaclasses (3 metaclasses) ...  -- TriplePostProcessor.processMetaclasses()
2019.01.28 10:13:06.965 CST INFO: 0 ms
 -- TriplePostProcessor.processMetaclasses()
2019.01.28 10:13:06.965 CST INFO: Postprocess: Process subclasses of rdf:List (1 classes) ...  -- TriplePostProcessor.processSubclassesOfRdfList()
2019.01.28 10:13:06.965 CST INFO: 0 ms
 -- TriplePostProcessor.processSubclassesOfRdfList()
2019.01.28 10:13:06.965 CST INFO: Postprocess: Instances with multiple types (74 instances) ...  -- TriplePostProcessor.processInstancesWithMultipleTypes()
2019.01.28 10:13:06.968 CST INFO: 3 ms
 -- TriplePostProcessor.processInstancesWithMultipleTypes()
2019.01.28 10:13:06.969 CST INFO: Postprocess: Add inferred superclasses ...  -- TriplePostProcessor.processInferredSuperclasses()
2019.01.28 10:13:06.970 CST INFO: 0 ms
 -- TriplePostProcessor.processInferredSuperclasses()
2019.01.28 10:13:06.970 CST INFO: Postprocess: Process orphan classes (67 classes) ...  -- TriplePostProcessor.processOrphanClses()
2019.01.28 10:13:06.971 CST INFO: 1 ms
 -- TriplePostProcessor.processOrphanClses()
2019.01.28 10:13:06.971 CST INFO: Postprocess: Generalized Concept Inclusion (0 axioms) ...  -- TriplePostProcessor.processGeneralizedConceptInclusions()
2019.01.28 10:13:06.971 CST INFO: 0 ms
 -- TriplePostProcessor.processGeneralizedConceptInclusions()
2019.01.28 10:13:06.971 CST INFO: Postprocess: Abstract classes...  -- TriplePostProcessor.processAbstractClasses()
2019.01.28 10:13:06.971 CST INFO: 0 ms
 -- TriplePostProcessor.processAbstractClasses()
2019.01.28 10:13:06.971 CST INFO: Postprocess: Domain and range of properties...  -- TriplePostProcessor.processDomainAndRange()
2019.01.28 10:13:06.978 CST INFO: 7 ms
 -- TriplePostProcessor.processDomainAndRange()
2019.01.28 10:13:06.978 CST INFO: Postprocess: Possibly typed entities (7 resources) ...  -- TriplePostProcessor.processPossiblyTypedResources()
2019.01.28 10:13:06.979 CST INFO: 1 ms
 -- TriplePostProcessor.processPossiblyTypedResources()
2019.01.28 10:13:06.979 CST INFO: Updating underlying frames model in 0 ms -- ProtegeOWLParser.doFinalPostProcessing()
